9.000000000000000000e+00 5.782066107294526773e+02
9.034962397428982328e+00 5.191051220304733533e+02
9.069924794857964656e+00 4.682636541998296593e+02
9.104887192286946984e+00 4.250118580233508965e+02
9.139849589715929312e+00 3.886793842868663660e+02
9.174811987144913417e+00 3.585958837762042890e+02
9.209774384573895745e+00 3.340910072771968089e+02
9.244736782002878073e+00 3.144944055756718626e+02
9.279699179431860401e+00 2.991357294574586376e+02
9.314661576860842729e+00 2.873446297083864920e+02
9.337818640084146082e+00 2.811714057685448438e+02
9.395355581839019976e+00 2.700748889901876737e+02
9.406288343563069532e+00 2.684845444380458162e+02
9.471729195073402607e+00 2.624806446197484320e+02
9.573814845707655508e+00 2.606465638695599978e+02
9.778203866264977506e+00 2.614493050097437390e+02
9.897282302635371565e+00 2.603125770520478568e+02
1.011590629731328050e+01 2.564060073444512113e+02
1.039941406251163869e+01 2.436643521470237488e+02
1.069841181802843977e+01 2.167086502521512443e+02
1.095926441140542096e+01 1.851776935031130051e+02
1.111362620552251457e+01 1.675690845635890014e+02
1.133425684804570999e+01 1.430873546903357862e+02
1.148763017166318079e+01 1.232195173629883698e+02
1.161613892880409438e+01 1.089315137737843884e+02
1.178954638960663281e+01 9.375331175325479194e+01
1.191365778652501817e+01 8.330299311451287281e+01
1.208806122738658573e+01 7.104510836459897405e+01
1.215026885339871399e+01 6.752952100111733102e+01
1.232258829880659334e+01 5.907025160780290207e+01
1.248502304678311425e+01 5.333718147238045049e+01
1.260673538717793818e+01 5.197440936110703547e+01
1.274413711061452403e+01 5.259454764298786245e+01
1.286449589876636423e+01 5.419110598896003239e+01
1.306437668926919571e+01 5.823154754378089137e+01
1.332631071208342810e+01 6.306770057563409182e+01
1.352036998042652627e+01 6.461416487773453809e+01
1.372907337642177517e+01 6.376394941459736287e+01
1.396368496668190851e+01 5.967084542239419420e+01
1.424633048945657343e+01 5.209677975802335936e+01
1.443497504453564595e+01 4.515803088908373297e+01
1.457770538278165873e+01 3.865998107798756678e+01
1.469594012027815921e+01 3.324241718395973066e+01
1.491615465265248730e+01 2.481903493573065589e+01
1.508314778601959105e+01 2.011220094126923641e+01
1.521324971364031242e+01 1.760959842742977344e+01
1.536038019144874944e+01 1.605314622007358594e+01
1.558077900948496719e+01 1.500415817516204697e+01
1.562122422580370262e+01 1.491204063447185035e+01
1.591699051618506111e+01 1.468002531975122338e+01
1.606163238196694820e+01 1.500323804957042739e+01
1.627972871731740057e+01 1.541987620134744930e+01
1.645630187514096932e+01 1.540564830352900572e+01
1.662033528372005264e+01 1.540348115656013306e+01
1.679275634694045038e+01 1.549694674920255011e+01
1.695398895120039384e+01 1.515333878778210419e+01
1.718831295656060121e+01 1.405246162483393846e+01
1.733153943264544239e+01 1.346671560752730556e+01
1.749374787554776489e+01 1.290511329321213907e+01
1.774003612677498509e+01 1.185991083252497447e+01
1.794161104259787010e+01 1.098057568901214154e+01
1.802112980657736685e+01 1.071445673267629672e+01
1.825159431933662901e+01 9.682325176341009865e+00
1.845143884716781812e+01 8.871918820222447266e+00
1.864125733057710477e+01 8.391837611568917055e+00
1.890186219049047622e+01 7.581447279738711131e+00
1.896032722578660668e+01 7.365360228047904911e+00
1.922784928346269595e+01 6.426196708205623054e+00
1.938224872291385381e+01 6.080346670440292201e+00
1.966101529283314875e+01 5.699661030652862337e+00
1.982995736100302864e+01 5.509143715219124715e+00
1.994493280800960022e+01 5.363848163907789512e+00
2.008982449187022468e+01 5.197288306772236410e+00
2.032432060909290783e+01 4.952732113532931635e+00
2.039113632025126321e+01 4.834184776940389838e+00
2.055699268613534514e+01 4.675062433135337869e+00
2.080763785612885641e+01 4.587618582826905822e+00
2.097349219347826121e+01 4.374380855015488123e+00
2.122147145029621029e+01 4.250183411931118371e+00
2.138755011380039761e+01 4.227831637140695875e+00
2.159517519057745716e+01 4.029318690566753958e+00
2.177071682918478146e+01 3.766122368697097045e+00
2.193845134662195306e+01 3.592886383611187284e+00
2.215698888463210636e+01 3.331114151547353686e+00
2.226105860323624697e+01 3.153976362440232606e+00
2.245071661299537880e+01 2.978740591765301815e+00
2.268467722646881768e+01 2.740888384700269853e+00
2.291591176184055456e+01 2.490820579478224772e+00
2.303463598557901904e+01 2.392622247820042958e+00
2.320195921652344140e+01 2.191357844264018695e+00
2.343592624167387584e+01 1.834482542606053812e+00
2.376472151085343398e+01 1.434208643390491034e+00
2.383245034305020127e+01 1.415665952413178275e+00
2.404681101900585105e+01 1.391076602284329056e+00
2.429083569706804724e+01 1.150640230608814818e+00
2.442337399445958823e+01 1.086959055185616307e+00
2.457365987795240869e+01 1.152175732073601466e+00
2.478912980448923165e+01 1.144700416274929466e+00
2.494812181029465137e+01 9.957720367669935513e-01
2.510670097009906243e+01 7.955887081027981367e-01
2.521131662717233013e+01 7.134806047654933536e-01
2.551564137150537448e+01 5.571147392104194296e-01
2.574676134950172113e+01 4.684164297769939367e-01
2.597378500296469284e+01 4.685444289362408199e-01
2.598011741364283367e+01 4.672638800054755848e-01
2.623404121169739511e+01 3.556882442881601492e-01
2.635723639838650811e+01 3.782863011365407147e-01
2.667596821971706689e+01 3.982170409326499794e-01
2.674379332765918704e+01 3.902334035722674344e-01
2.691300453720889863e+01 3.407398263054801646e-01
2.704734980970495783e+01 3.203768807377400663e-01
2.725214150977962646e+01 3.815274349454398362e-01
2.760460680220072405e+01 2.730913827572862829e-01
2.769747574041353388e+01 1.804268927810994683e-01
2.802525291002638852e+01 0.000000000000000000e+00
